<?xml version="1.0" encoding="UTF-8" ?>
<testsuite tests="2" failures="1" name="com.app.hubspot.qa.testcases.LoginPageTest" time="25.367" errors="0" skipped="0">
  <properties>
[...]
</properties>
  <testcase classname="com.app.hubspot.qa.testcases.LoginPageTest" name="loginPageTitleTest" time="0.032">
    <failure message="expected [HubSpot Login] but found [Checking browser]" type="java.lang.AssertionError">java.lang.AssertionError: expected [HubSpot Login] but found [Checking browser]
	at org.testng.Assert.fail(Assert.java:96)
	at org.testng.Assert.failNotEquals(Assert.java:776)
	at org.testng.Assert.assertEqualsImpl(Assert.java:137)
	at org.testng.Assert.assertEquals(Assert.java:118)
	at org.testng.Assert.assertEquals(Assert.java:453)
	at org.testng.Assert.assertEquals(Assert.java:463)
	at com.app.hubspot.qa.testcases.LoginPageTest.loginPageTitleTest(LoginPageTest.java:15)
</failure>
    <system-out>Configuring TestNG with: org.apache.maven.surefire.testng.conf.TestNG652Configurator@7dc5e7b4
</system-out>
    <system-err>Starting ChromeDriver 2.43.600210 (68dcf5eebde37173d4027fa8635e332711d2874a) on port 12230
Only local connections are allowed.
[1570953193.374][WARNING]: Timed out connecting to Chrome, retrying...
Oct 13, 2019 1:23:15 PM org.openqa.selenium.remote.ProtocolHandshake createSession
INFO: Detected dialect: OSS
[1570953197.429][WARNING]: Timed out connecting to Chrome, retrying...
</system-err>
  </testcase>
  <testcase classname="com.app.hubspot.qa.testcases.LoginPageTest" name="loginPageTest" time="25.335"/>
</testsuite>