<?xml version="1.0" encoding="UTF-8"?>
<!-- Generated by org.testng.reporters.JUnitXMLReporter -->
<testsuite hostname="LAPTOP-31B2K48K" ignored="0" name="Command line test" tests="2" failures="1" timestamp="13 Oct 2019 07:53:46 GMT" time="25.778" errors="0">
  <testcase name="loginPageTitleTest" time="0.029" classname="com.app.hubspot.qa.testcases.LoginPageTest">
    <failure type="java.lang.AssertionError" message="expected [HubSpot Login] but found [Checking browser]">
      <![CDATA[java.lang.AssertionError: expected [HubSpot Login] but found [Checking browser]
at com.app.hubspot.qa.testcases.LoginPageTest.loginPageTitleTest(LoginPageTest.java:15)
... Removed 40 stack frames]]>
    </failure>
  </testcase> <!-- loginPageTitleTest -->
  <testcase name="loginPageTest" time="25.335" classname="com.app.hubspot.qa.testcases.LoginPageTest"/>
</testsuite> <!-- Command line test -->
